Using pre-set license
Built from '2020.3/staging' branch; Version is '2020.3.8f1 (507919d4fff5) revision 5273881'; Using compiler version '192528614'; Build Type 'Release'
OS: 'Windows 10 Enterprise; OS build 19043.1288; Version 2009; 64bit' Language: 'en' Physical Memory: 32710 MB
BatchMode: 1, IsHumanControllingUs: 0, StartBugReporterOnCrash: 0, Is64bit: 1, IsPro: 0

 COMMAND LINE ARGUMENTS:
C:\Program Files\Unity\Hub\Editor\2020.3.8f1\Editor\Unity.exe
-adb2
-batchMode
-noUpm
-name
AssetImportWorker0
-projectPath
C:/Users/yujnkm/Desktop/UCSB_3D/UCSB_3D/UCSB_3D
-logFile
Logs/AssetImportWorker0.log
-srvPort
62854
Successfully changed project path to: C:/Users/yujnkm/Desktop/UCSB_3D/UCSB_3D/UCSB_3D
C:/Users/yujnkm/Desktop/UCSB_3D/UCSB_3D/UCSB_3D
Using Asset Import Pipeline V2.
Refreshing native plugins compatible for Editor in 37.66 ms, found 2 plugins.
Preloading 0 native plugins for Editor in 0.00 ms.
Initialize engine version: 2020.3.8f1 (507919d4fff5)
[Subsystems] Discovering subsystems at path C:/Program Files/Unity/Hub/Editor/2020.3.8f1/Editor/Data/Resources/UnitySubsystems
[Subsystems] Discovering subsystems at path C:/Users/yujnkm/Desktop/UCSB_3D/UCSB_3D/UCSB_3D/Assets
GfxDevice: creating device client; threaded=0
Direct3D:
    Version:  Direct3D 11.0 [level 11.1]
    Renderer: NVIDIA GeForce GTX 980 Ti (ID=0x17c8)
    Vendor:   
    VRAM:     6097 MB
    Driver:   30.0.14.9649
Initialize mono
Mono path[0] = 'C:/Program Files/Unity/Hub/Editor/2020.3.8f1/Editor/Data/Managed'
Mono path[1] = 'C:/Program Files/Unity/Hub/Editor/2020.3.8f1/Editor/Data/MonoBleedingEdge/lib/mono/unityjit'
Mono config path = 'C:/Program Files/Unity/Hub/Editor/2020.3.8f1/Editor/Data/MonoBleedingEdge/etc'
Using monoOptions --debugger-agent=transport=dt_socket,embedding=1,server=y,suspend=n,address=127.0.0.1:56248
Begin MonoManager ReloadAssembly
Registering precompiled unity dll's ...
Register platform support module: C:/Program Files/Unity/Hub/Editor/2020.3.8f1/Editor/Data/PlaybackEngines/WindowsStandaloneSupport/UnityEditor.WindowsStandalone.Extensions.dll
Registered in 0.002053 seconds.
Native extension for WindowsStandalone target not found
Refreshing native plugins compatible for Editor in 28.20 ms, found 2 plugins.
Preloading 0 native plugins for Editor in 0.00 ms.
Mono: successfully reloaded assembly
- Completed reload, in  1.136 seconds
Platform modules already initialized, skipping
Registering precompiled user dll's ...
Registered in 0.003816 seconds.
Begin MonoManager ReloadAssembly
Native extension for WindowsStandalone target not found
Refreshing native plugins compatible for Editor in 0.36 ms, found 2 plugins.
Preloading 0 native plugins for Editor in 0.00 ms.
Mono: successfully reloaded assembly
- Completed reload, in  1.043 seconds
Platform modules already initialized, skipping
========================================================================
Worker process is ready to serve import requests
Launched and connected shader compiler UnityShaderCompiler.exe after 0.04 seconds
Refreshing native plugins compatible for Editor in 0.36 ms, found 2 plugins.
Preloading 0 native plugins for Editor in 0.00 ms.
Unloading 1392 Unused Serialized files (Serialized files now loaded: 0)
System memory in use before: 69.4 MB.
System memory in use after: 69.4 MB.

Unloading 19 unused Assets to reduce memory usage. Loaded Objects now: 1833.
Total: 2.333800 ms (FindLiveObjects: 0.177100 ms CreateObjectMapping: 0.088400 ms MarkObjects: 1.971900 ms  DeleteObjects: 0.095600 ms)

========================================================================
Received Import Request.
  path: Assets/LifeScience_PNG.png
  artifactKey: Guid(103b10988f57c7e44b40d6ceca862dc7) Importer(815301076,1909f56bfc062723c751e8b465ee728b)
Start importing Assets/LifeScience_PNG.png using Guid(103b10988f57c7e44b40d6ceca862dc7) Importer(815301076,1909f56bfc062723c751e8b465ee728b)  -> (artifact id: '9dadb4134a70c2f4f32ba056513d9ee1') in 0.075448 seconds
  Import took 0.077907 seconds .

========================================================================
Received Import Request.
  Time since last request: 0.000352 seconds.
  path: Assets/Life Science-005.png
  artifactKey: Guid(5b1e613ab2ae52440845675421811a31) Importer(815301076,1909f56bfc062723c751e8b465ee728b)
Start importing Assets/Life Science-005.png using Guid(5b1e613ab2ae52440845675421811a31) Importer(815301076,1909f56bfc062723c751e8b465ee728b)  -> (artifact id: '707f459144acd96fdd8c3797682c57a2') in 0.021620 seconds
  Import took 0.024325 seconds .

AssetImportWorkerClient::OnTransportError - code=2 error=End of file
